[0810/005413.490:ERROR:process_memory_win.cc(73)] ReadMemory at 0x23bf54d0000 of 64 bytes failed: Only part of a ReadProcessMemory or WriteProcessMemory request was completed. (0x12B)
[0810/005413.491:WARNING:pe_image_reader.cc(340)] could not read dos header from C:\WINDOWS\SYSTEM32\ntd1l.dll
[0810/005413.492:ERROR:process_memory_win.cc(73)] ReadMemory at 0x23bf56b0000 of 64 bytes failed: Only part of a ReadProcessMemory or WriteProcessMemory request was completed. (0x12B)
[0810/005413.492:WARNING:pe_image_reader.cc(340)] could not read dos header from C:\WINDOWS\System32\kern3l32.dll
[0810/005413.492:ERROR:process_memory_win.cc(73)] ReadMemory at 0x23bf5231440 of 72 bytes failed: Only part of a ReadProcessMemory or WriteProcessMemory request was completed. (0x12B)
[0810/005413.493:WARNING:pe_image_annotations_reader.cc(134)] could not read annotations list object in C:\Program Files (x86)\Google\Chrome\Application\84.0.4147.105\chrome_elf.dll
[0810/005413.494:ERROR:process_memory_win.cc(73)] ReadMemory at 0x23bf527d210 of 72 bytes failed: Only part of a ReadProcessMemory or WriteProcessMemory request was completed. (0x12B)
[0810/005413.494:WARNING:pe_image_annotations_reader.cc(134)] could not read annotations list object in C:\Program Files (x86)\Google\Chrome\Application\84.0.4147.105\chrome.dll
[0810/005413.495:ERROR:process_memory_win.cc(73)] ReadMemory at 0x23bf5aa0000 of 64 bytes failed: Only part of a ReadProcessMemory or WriteProcessMemory request was completed. (0x12B)
[0810/005413.495:WARNING:pe_image_reader.cc(340)] could not read dos header from C:\WINDOWS\System32\NSI.dll
[0810/005413.501:ERROR:process_memory_win.cc(73)] ReadMemory at 0x23bf54d0000 of 64 bytes failed: Only part of a ReadProcessMemory or WriteProcessMemory request was completed. (0x12B)
[0810/005413.501:WARNING:pe_image_reader.cc(340)] could not read dos header from C:\WINDOWS\SYSTEM32\ntd1l.dll
[0810/005413.502:ERROR:process_memory_win.cc(73)] ReadMemory at 0x23bf56b0000 of 64 bytes failed: Only part of a ReadProcessMemory or WriteProcessMemory request was completed. (0x12B)
[0810/005413.502:WARNING:pe_image_reader.cc(340)] could not read dos header from C:\WINDOWS\System32\kern3l32.dll
[0810/005413.502:ERROR:process_memory_win.cc(73)] ReadMemory at 0x23bf5231440 of 72 bytes failed: Only part of a ReadProcessMemory or WriteProcessMemory request was completed. (0x12B)
[0810/005413.502:WARNING:pe_image_annotations_reader.cc(134)] could not read annotations list object in C:\Program Files (x86)\Google\Chrome\Application\84.0.4147.105\chrome_elf.dll
[0810/005413.503:ERROR:process_memory_win.cc(73)] ReadMemory at 0x23bf527d210 of 72 bytes failed: Only part of a ReadProcessMemory or WriteProcessMemory request was completed. (0x12B)
[0810/005413.503:WARNING:pe_image_annotations_reader.cc(134)] could not read annotations list object in C:\Program Files (x86)\Google\Chrome\Application\84.0.4147.105\chrome.dll
[0810/005413.504:ERROR:process_memory_win.cc(73)] ReadMemory at 0x23bf5aa0000 of 64 bytes failed: Only part of a ReadProcessMemory or WriteProcessMemory request was completed. (0x12B)
[0810/005413.504:WARNING:pe_image_reader.cc(340)] could not read dos header from C:\WINDOWS\System32\NSI.dll
[0810/005413.506:ERROR:process_memory_win.cc(73)] ReadMemory at 0x23bf54d0000 of 64 bytes failed: Only part of a ReadProcessMemory or WriteProcessMemory request was completed. (0x12B)
[0810/005413.506:WARNING:pe_image_reader.cc(340)] could not read dos header from C:\WINDOWS\SYSTEM32\ntd1l.dll
[0810/005413.506:ERROR:process_memory_win.cc(73)] ReadMemory at 0x23bf56b0000 of 64 bytes failed: Only part of a ReadProcessMemory or WriteProcessMemory request was completed. (0x12B)
[0810/005413.506:WARNING:pe_image_reader.cc(340)] could not read dos header from C:\WINDOWS\System32\kern3l32.dll
[0810/005413.507:ERROR:process_memory_win.cc(73)] ReadMemory at 0x23bf5231440 of 72 bytes failed: Only part of a ReadProcessMemory or WriteProcessMemory request was completed. (0x12B)
[0810/005413.507:WARNING:pe_image_annotations_reader.cc(134)] could not read annotations list object in C:\Program Files (x86)\Google\Chrome\Application\84.0.4147.105\chrome_elf.dll
[0810/005413.507:ERROR:process_memory_win.cc(73)] ReadMemory at 0x23bf527d210 of 72 bytes failed: Only part of a ReadProcessMemory or WriteProcessMemory request was completed. (0x12B)
[0810/005413.507:WARNING:pe_image_annotations_reader.cc(134)] could not read annotations list object in C:\Program Files (x86)\Google\Chrome\Application\84.0.4147.105\chrome.dll
[0810/005413.509:ERROR:process_memory_win.cc(73)] ReadMemory at 0x23bf5aa0000 of 64 bytes failed: Only part of a ReadProcessMemory or WriteProcessMemory request was completed. (0x12B)
[0810/005413.509:WARNING:pe_image_reader.cc(340)] could not read dos header from C:\WINDOWS\System32\NSI.dll
[0810/005413.521:ERROR:process_memory_win.cc(73)] ReadMemory at 0xedcf3e4000 of 114688 bytes failed: Only part of a ReadProcessMemory or WriteProcessMemory request was completed. (0x12B)
[0810/005413.521:ERROR:process_memory_win.cc(73)] ReadMemory at 0xedcfbfd000 of 12288 bytes failed: Only part of a ReadProcessMemory or WriteProcessMemory request was completed. (0x12B)
[0810/005413.522:ERROR:process_memory_win.cc(73)] ReadMemory at 0xedd03f7000 of 36864 bytes failed: Only part of a ReadProcessMemory or WriteProcessMemory request was completed. (0x12B)
[0810/005413.522:ERROR:process_memory_win.cc(73)] ReadMemory at 0xedd0bfc000 of 16384 bytes failed: Only part of a ReadProcessMemory or WriteProcessMemory request was completed. (0x12B)
[0810/005413.522:ERROR:process_memory_win.cc(73)] ReadMemory at 0xedd13fb000 of 20480 bytes failed: Only part of a ReadProcessMemory or WriteProcessMemory request was completed. (0x12B)
[0810/005413.522:ERROR:process_memory_win.cc(73)] ReadMemory at 0xedd1bfe000 of 8192 bytes failed: Only part of a ReadProcessMemory or WriteProcessMemory request was completed. (0x12B)
[0810/005413.522:ERROR:process_memory_win.cc(73)] ReadMemory at 0xedd23fd000 of 12288 bytes failed: Only part of a ReadProcessMemory or WriteProcessMemory request was completed. (0x12B)
[0810/005413.522:ERROR:process_memory_win.cc(73)] ReadMemory at 0xedd2bfb000 of 20480 bytes failed: Only part of a ReadProcessMemory or WriteProcessMemory request was completed. (0x12B)
[0810/005413.522:ERROR:process_memory_win.cc(73)] ReadMemory at 0xedd33fd000 of 12288 bytes failed: Only part of a ReadProcessMemory or WriteProcessMemory request was completed. (0x12B)
[0810/005413.522:ERROR:process_memory_win.cc(73)] ReadMemory at 0xedd3bf5000 of 45056 bytes failed: Only part of a ReadProcessMemory or WriteProcessMemory request was completed. (0x12B)
[0810/005413.522:ERROR:process_memory_win.cc(73)] ReadMemory at 0xedd43f5000 of 45056 bytes failed: Only part of a ReadProcessMemory or WriteProcessMemory request was completed. (0x12B)
[0810/005413.522:ERROR:process_memory_win.cc(73)] ReadMemory at 0xedd4bfc000 of 16384 bytes failed: Only part of a ReadProcessMemory or WriteProcessMemory request was completed. (0x12B)
[0810/005413.522:ERROR:process_memory_win.cc(73)] ReadMemory at 0xedd73fd000 of 12288 bytes failed: Only part of a ReadProcessMemory or WriteProcessMemory request was completed. (0x12B)
[0810/005413.523:ERROR:process_memory_win.cc(73)] ReadMemory at 0xedd83fb000 of 20480 bytes failed: Only part of a ReadProcessMemory or WriteProcessMemory request was completed. (0x12B)
[0810/005413.523:ERROR:process_memory_win.cc(73)] ReadMemory at 0xedd93fc000 of 16384 bytes failed: Only part of a ReadProcessMemory or WriteProcessMemory request was completed. (0x12B)
[0810/005413.523:ERROR:process_memory_win.cc(73)] ReadMemory at 0xeddabfd000 of 12288 bytes failed: Only part of a ReadProcessMemory or WriteProcessMemory request was completed. (0x12B)
[0810/005413.523:ERROR:process_memory_win.cc(73)] ReadMemory at 0xedceb25000 of 852 bytes failed: Only part of a ReadProcessMemory or WriteProcessMemory request was completed. (0x12B)
[0810/005413.523:ERROR:process_memory_win.cc(73)] ReadMemory at 0xedceb26000 of 6024 bytes failed: Only part of a ReadProcessMemory or WriteProcessMemory request was completed. (0x12B)
[0810/005413.523:ERROR:process_memory_win.cc(73)] ReadMemory at 0xedceb28000 of 6024 bytes failed: Only part of a ReadProcessMemory or WriteProcessMemory request was completed. (0x12B)
[0810/005413.523:ERROR:process_memory_win.cc(73)] ReadMemory at 0xedceb2a000 of 6024 bytes failed: Only part of a ReadProcessMemory or WriteProcessMemory request was completed. (0x12B)
[0810/005413.523:ERROR:process_memory_win.cc(73)] ReadMemory at 0xedceb2c000 of 6024 bytes failed: Only part of a ReadProcessMemory or WriteProcessMemory request was completed. (0x12B)
[0810/005413.523:ERROR:process_memory_win.cc(73)] ReadMemory at 0xedceb2e000 of 6024 bytes failed: Only part of a ReadProcessMemory or WriteProcessMemory request was completed. (0x12B)
[0810/005413.523:ERROR:process_memory_win.cc(73)] ReadMemory at 0xedceb30000 of 6024 bytes failed: Only part of a ReadProcessMemory or WriteProcessMemory request was completed. (0x12B)
[0810/005413.524:ERROR:process_memory_win.cc(73)] ReadMemory at 0xedceb32000 of 6024 bytes failed: Only part of a ReadProcessMemory or WriteProcessMemory request was completed. (0x12B)
[0810/005413.524:ERROR:process_memory_win.cc(73)] ReadMemory at 0xedceb34000 of 6024 bytes failed: Only part of a ReadProcessMemory or WriteProcessMemory request was completed. (0x12B)
[0810/005413.524:ERROR:process_memory_win.cc(73)] ReadMemory at 0xedceb36000 of 6024 bytes failed: Only part of a ReadProcessMemory or WriteProcessMemory request was completed. (0x12B)
[0810/005413.524:ERROR:process_memory_win.cc(73)] ReadMemory at 0xedceb38000 of 6024 bytes failed: Only part of a ReadProcessMemory or WriteProcessMemory request was completed. (0x12B)
[0810/005413.524:ERROR:process_memory_win.cc(73)] ReadMemory at 0xedceb3a000 of 6024 bytes failed: Only part of a ReadProcessMemory or WriteProcessMemory request was completed. (0x12B)
[0810/005413.524:ERROR:process_memory_win.cc(73)] ReadMemory at 0xedceb3c000 of 6024 bytes failed: Only part of a ReadProcessMemory or WriteProcessMemory request was completed. (0x12B)
[0810/005413.524:ERROR:process_memory_win.cc(73)] ReadMemory at 0xedceb46000 of 6024 bytes failed: Only part of a ReadProcessMemory or WriteProcessMemory request was completed. (0x12B)
[0810/005413.524:ERROR:process_memory_win.cc(73)] ReadMemory at 0xedceb4a000 of 6024 bytes failed: Only part of a ReadProcessMemory or WriteProcessMemory request was completed. (0x12B)
[0810/005413.524:ERROR:process_memory_win.cc(73)] ReadMemory at 0xedceb4e000 of 6024 bytes failed: Only part of a ReadProcessMemory or WriteProcessMemory request was completed. (0x12B)
[0810/005413.524:ERROR:process_memory_win.cc(73)] ReadMemory at 0xedceb54000 of 6024 bytes failed: Only part of a ReadProcessMemory or WriteProcessMemory request was completed. (0x12B)
[0810/005413.524:ERROR:process_memory_win.cc(73)] ReadMemory at 0x23b82f10f90 of 512 bytes failed: Only part of a ReadProcessMemory or WriteProcessMemory request was completed. (0x12B)
[0810/005413.524:ERROR:process_memory_win.cc(73)] ReadMemory at 0x23bf5220ab0 of 512 bytes failed: Only part of a ReadProcessMemory or WriteProcessMemory request was completed. (0x12B)
[0810/005413.525:ERROR:process_memory_win.cc(73)] ReadMemory at 0x23bf5220fc0 of 10416 bytes failed: Only part of a ReadProcessMemory or WriteProcessMemory request was completed. (0x12B)
[0810/005413.525:ERROR:process_memory_win.cc(73)] ReadMemory at 0x23bf5223880 of 1012 bytes failed: Only part of a ReadProcessMemory or WriteProcessMemory request was completed. (0x12B)
[0810/005413.525:ERROR:process_memory_win.cc(73)] ReadMemory at 0x23bf5223e98 of 118 bytes failed: Only part of a ReadProcessMemory or WriteProcessMemory request was completed. (0x12B)
[0810/005413.525:ERROR:process_memory_win.cc(73)] ReadMemory at 0x23bf5223f10 of 1188 bytes failed: Only part of a ReadProcessMemory or WriteProcessMemory request was completed. (0x12B)
[0810/005413.525:ERROR:process_memory_win.cc(73)] ReadMemory at 0x23bf52243b6 of 118 bytes failed: Only part of a ReadProcessMemory or WriteProcessMemory request was completed. (0x12B)
[0810/005413.525:ERROR:process_memory_win.cc(73)] ReadMemory at 0x23bf522442e of 96 bytes failed: Only part of a ReadProcessMemory or WriteProcessMemory request was completed. (0x12B)
[0810/005413.525:ERROR:process_memory_win.cc(73)] ReadMemory at 0x23bf52244a0 of 58 bytes failed: Only part of a ReadProcessMemory or WriteProcessMemory request was completed. (0x12B)
[0810/005413.525:ERROR:process_memory_win.cc(73)] ReadMemory at 0x23bf52245a0 of 132 bytes failed: Only part of a ReadProcessMemory or WriteProcessMemory request was completed. (0x12B)
[0810/005413.525:ERROR:process_memory_win.cc(73)] ReadMemory at 0x23bf5224730 of 132 bytes failed: Only part of a ReadProcessMemory or WriteProcessMemory request was completed. (0x12B)
[0810/005413.525:ERROR:process_memory_win.cc(73)] ReadMemory at 0x23bf52248f0 of 126 bytes failed: Only part of a ReadProcessMemory or WriteProcessMemory request was completed. (0x12B)
[0810/005413.525:ERROR:process_memory_win.cc(73)] ReadMemory at 0x23bf5224be0 of 146 bytes failed: Only part of a ReadProcessMemory or WriteProcessMemory request was completed. (0x12B)
[0810/005413.526:ERROR:process_memory_win.cc(73)] ReadMemory at 0x23bf5224cb0 of 132 bytes failed: Only part of a ReadProcessMemory or WriteProcessMemory request was completed. (0x12B)
[0810/005413.526:ERROR:process_memory_win.cc(73)] ReadMemory at 0x23bf5224e40 of 64 bytes failed: Only part of a ReadProcessMemory or WriteProcessMemory request was completed. (0x12B)
[0810/005413.526:ERROR:process_memory_win.cc(73)] ReadMemory at 0x23bf52251c0 of 132 bytes failed: Only part of a ReadProcessMemory or WriteProcessMemory request was completed. (0x12B)
[0810/005413.526:ERROR:process_memory_win.cc(73)] ReadMemory at 0x23bf5225350 of 68 bytes failed: Only part of a ReadProcessMemory or WriteProcessMemory request was completed. (0x12B)
[0810/005413.527:ERROR:process_memory_win.cc(73)] ReadMemory at 0x23bf5226360 of 132 bytes failed: Only part of a ReadProcessMemory or WriteProcessMemory request was completed. (0x12B)
[0810/005413.527:ERROR:process_memory_win.cc(73)] ReadMemory at 0x23bf5226d90 of 132 bytes failed: Only part of a ReadProcessMemory or WriteProcessMemory request was completed. (0x12B)
[0810/005413.527:ERROR:process_memory_win.cc(73)] ReadMemory at 0x23bf5226f20 of 64 bytes failed: Only part of a ReadProcessMemory or WriteProcessMemory request was completed. (0x12B)
[0810/005413.527:ERROR:process_memory_win.cc(73)] ReadMemory at 0x23bf5226f70 of 146 bytes failed: Only part of a ReadProcessMemory or WriteProcessMemory request was completed. (0x12B)
[0810/005413.527:ERROR:process_memory_win.cc(73)] ReadMemory at 0x23bf5227140 of 132 bytes failed: Only part of a ReadProcessMemory or WriteProcessMemory request was completed. (0x12B)
[0810/005413.528:ERROR:process_memory_win.cc(73)] ReadMemory at 0x23bf52272d0 of 60 bytes failed: Only part of a ReadProcessMemory or WriteProcessMemory request was completed. (0x12B)
[0810/005413.528:ERROR:process_memory_win.cc(73)] ReadMemory at 0x23bf52274f0 of 132 bytes failed: Only part of a ReadProcessMemory or WriteProcessMemory request was completed. (0x12B)
[0810/005413.528:ERROR:process_memory_win.cc(73)] ReadMemory at 0x23bf5227680 of 62 bytes failed: Only part of a ReadProcessMemory or WriteProcessMemory request was completed. (0x12B)
[0810/005413.528:ERROR:process_memory_win.cc(73)] ReadMemory at 0x23bf5227880 of 132 bytes failed: Only part of a ReadProcessMemory or WriteProcessMemory request was completed. (0x12B)
[0810/005413.528:ERROR:process_memory_win.cc(73)] ReadMemory at 0x23bf5227a10 of 60 bytes failed: Only part of a ReadProcessMemory or WriteProcessMemory request was completed. (0x12B)
[0810/005413.528:ERROR:process_memory_win.cc(73)] ReadMemory at 0x23bf5227e40 of 132 bytes failed: Only part of a ReadProcessMemory or WriteProcessMemory request was completed. (0x12B)
[0810/005413.529:ERROR:process_memory_win.cc(73)] ReadMemory at 0x23bf5228090 of 132 bytes failed: Only part of a ReadProcessMemory or WriteProcessMemory request was completed. (0x12B)
[0810/005413.529:ERROR:process_memory_win.cc(73)] ReadMemory at 0x23bf52283f0 of 154 bytes failed: Only part of a ReadProcessMemory or WriteProcessMemory request was completed. (0x12B)
[0810/005413.529:ERROR:process_memory_win.cc(73)] ReadMemory at 0x23bf522baf0 of 62 bytes failed: Only part of a ReadProcessMemory or WriteProcessMemory request was completed. (0x12B)
[0810/005413.529:ERROR:process_memory_win.cc(73)] ReadMemory at 0x23bf5230ef0 of 58 bytes failed: Only part of a ReadProcessMemory or WriteProcessMemory request was completed. (0x12B)
[0810/005413.529:ERROR:process_memory_win.cc(73)] ReadMemory at 0x23bf52329a0 of 80 bytes failed: Only part of a ReadProcessMemory or WriteProcessMemory request was completed. (0x12B)
[0810/005413.529:ERROR:process_memory_win.cc(73)] ReadMemory at 0x23bf5232a00 of 80 bytes failed: Only part of a ReadProcessMemory or WriteProcessMemory request was completed. (0x12B)
[0810/005413.529:ERROR:process_memory_win.cc(73)] ReadMemory at 0x23bf5232be0 of 64 bytes failed: Only part of a ReadProcessMemory or WriteProcessMemory request was completed. (0x12B)
[0810/005413.529:ERROR:process_memory_win.cc(73)] ReadMemory at 0x23bf5236a30 of 132 bytes failed: Only part of a ReadProcessMemory or WriteProcessMemory request was completed. (0x12B)
[0810/005413.529:ERROR:process_memory_win.cc(73)] ReadMemory at 0x23bf5236b60 of 132 bytes failed: Only part of a ReadProcessMemory or WriteProcessMemory request was completed. (0x12B)
[0810/005413.529:ERROR:process_memory_win.cc(73)] ReadMemory at 0x23bf5236c90 of 132 bytes failed: Only part of a ReadProcessMemory or WriteProcessMemory request was completed. (0x12B)
[0810/005413.529:ERROR:process_memory_win.cc(73)] ReadMemory at 0x23bf5236dc0 of 132 bytes failed: Only part of a ReadProcessMemory or WriteProcessMemory request was completed. (0x12B)
[0810/005413.529:ERROR:process_memory_win.cc(73)] ReadMemory at 0x23bf5236ef0 of 132 bytes failed: Only part of a ReadProcessMemory or WriteProcessMemory request was completed. (0x12B)
[0810/005413.529:ERROR:process_memory_win.cc(73)] ReadMemory at 0x23bf5237020 of 132 bytes failed: Only part of a ReadProcessMemory or WriteProcessMemory request was completed. (0x12B)
[0810/005413.529:ERROR:process_memory_win.cc(73)] ReadMemory at 0x23bf5237150 of 132 bytes failed: Only part of a ReadProcessMemory or WriteProcessMemory request was completed. (0x12B)
[0810/005413.529:ERROR:process_memory_win.cc(73)] ReadMemory at 0x23bf5237280 of 132 bytes failed: Only part of a ReadProcessMemory or WriteProcessMemory request was completed. (0x12B)
[0810/005413.529:ERROR:process_memory_win.cc(73)] ReadMemory at 0x23bf52373b0 of 132 bytes failed: Only part of a ReadProcessMemory or WriteProcessMemory request was completed. (0x12B)
[0810/005413.530:ERROR:process_memory_win.cc(73)] ReadMemory at 0x23bf52374e0 of 132 bytes failed: Only part of a ReadProcessMemory or WriteProcessMemory request was completed. (0x12B)
[0810/005413.530:ERROR:process_memory_win.cc(73)] ReadMemory at 0x23bf5237610 of 132 bytes failed: Only part of a ReadProcessMemory or WriteProcessMemory request was completed. (0x12B)
[0810/005413.530:ERROR:process_memory_win.cc(73)] ReadMemory at 0x23bf5237740 of 132 bytes failed: Only part of a ReadProcessMemory or WriteProcessMemory request was completed. (0x12B)
[0810/005413.530:ERROR:process_memory_win.cc(73)] ReadMemory at 0x23bf5237870 of 132 bytes failed: Only part of a ReadProcessMemory or WriteProcessMemory request was completed. (0x12B)
[0810/005413.530:ERROR:process_memory_win.cc(73)] ReadMemory at 0x23bf52394d0 of 78 bytes failed: Only part of a ReadProcessMemory or WriteProcessMemory request was completed. (0x12B)
[0810/005413.530:ERROR:process_memory_win.cc(73)] ReadMemory at 0x23bf5241800 of 62 bytes failed: Only part of a ReadProcessMemory or WriteProcessMemory request was completed. (0x12B)
[0810/005413.530:ERROR:process_memory_win.cc(73)] ReadMemory at 0x23bf52418a0 of 62 bytes failed: Only part of a ReadProcessMemory or WriteProcessMemory request was completed. (0x12B)
[0810/005413.530:ERROR:process_memory_win.cc(73)] ReadMemory at 0x23bf5241940 of 60 bytes failed: Only part of a ReadProcessMemory or WriteProcessMemory request was completed. (0x12B)
[0810/005413.530:ERROR:process_memory_win.cc(73)] ReadMemory at 0x23bf5241ad0 of 62 bytes failed: Only part of a ReadProcessMemory or WriteProcessMemory request was completed. (0x12B)
[0810/005413.530:ERROR:process_memory_win.cc(73)] ReadMemory at 0x23bf5241b20 of 62 bytes failed: Only part of a ReadProcessMemory or WriteProcessMemory request was completed. (0x12B)
[0810/005413.530:ERROR:process_memory_win.cc(73)] ReadMemory at 0x23bf5241b70 of 62 bytes failed: Only part of a ReadProcessMemory or WriteProcessMemory request was completed. (0x12B)
[0810/005413.530:ERROR:process_memory_win.cc(73)] ReadMemory at 0x23bf5241cb0 of 58 bytes failed: Only part of a ReadProcessMemory or WriteProcessMemory request was completed. (0x12B)
[0810/005413.530:ERROR:process_memory_win.cc(73)] ReadMemory at 0x23bf5241d50 of 62 bytes failed: Only part of a ReadProcessMemory or WriteProcessMemory request was completed. (0x12B)
[0810/005413.530:ERROR:process_memory_win.cc(73)] ReadMemory at 0x23bf5241da0 of 64 bytes failed: Only part of a ReadProcessMemory or WriteProcessMemory request was completed. (0x12B)
[0810/005413.530:ERROR:process_memory_win.cc(73)] ReadMemory at 0x23bf5241ee0 of 64 bytes failed: Only part of a ReadProcessMemory or WriteProcessMemory request was completed. (0x12B)
[0810/005413.531:ERROR:process_memory_win.cc(73)] ReadMemory at 0x23bf5241f30 of 64 bytes failed: Only part of a ReadProcessMemory or WriteProcessMemory request was completed. (0x12B)
[0810/005413.531:ERROR:process_memory_win.cc(73)] ReadMemory at 0x23bf5242020 of 62 bytes failed: Only part of a ReadProcessMemory or WriteProcessMemory request was completed. (0x12B)
[0810/005413.531:ERROR:process_memory_win.cc(73)] ReadMemory at 0x23bf5242110 of 64 bytes failed: Only part of a ReadProcessMemory or WriteProcessMemory request was completed. (0x12B)
[0810/005413.531:ERROR:process_memory_win.cc(73)] ReadMemory at 0x23bf52422a0 of 60 bytes failed: Only part of a ReadProcessMemory or WriteProcessMemory request was completed. (0x12B)
[0810/005413.531:ERROR:process_memory_win.cc(73)] ReadMemory at 0x23bf5242340 of 60 bytes failed: Only part of a ReadProcessMemory or WriteProcessMemory request was completed. (0x12B)
[0810/005413.531:ERROR:process_memory_win.cc(73)] ReadMemory at 0x23bf5242390 of 64 bytes failed: Only part of a ReadProcessMemory or WriteProcessMemory request was completed. (0x12B)
[0810/005413.531:ERROR:process_memory_win.cc(73)] ReadMemory at 0x23bf52423e0 of 66 bytes failed: Only part of a ReadProcessMemory or WriteProcessMemory request was completed. (0x12B)
[0810/005413.531:ERROR:process_memory_win.cc(73)] ReadMemory at 0x23bf5242570 of 60 bytes failed: Only part of a ReadProcessMemory or WriteProcessMemory request was completed. (0x12B)
[0810/005413.531:ERROR:process_memory_win.cc(73)] ReadMemory at 0x23bf5242610 of 66 bytes failed: Only part of a ReadProcessMemory or WriteProcessMemory request was completed. (0x12B)
[0810/005413.531:ERROR:process_memory_win.cc(73)] ReadMemory at 0x23bf5242660 of 64 bytes failed: Only part of a ReadProcessMemory or WriteProcessMemory request was completed. (0x12B)
[0810/005413.531:ERROR:process_memory_win.cc(73)] ReadMemory at 0x23bf5242700 of 64 bytes failed: Only part of a ReadProcessMemory or WriteProcessMemory request was completed. (0x12B)
[0810/005413.531:ERROR:process_memory_win.cc(73)] ReadMemory at 0x23bf5242750 of 62 bytes failed: Only part of a ReadProcessMemory or WriteProcessMemory request was completed. (0x12B)
[0810/005413.532:ERROR:process_memory_win.cc(73)] ReadMemory at 0x23bf5243090 of 132 bytes failed: Only part of a ReadProcessMemory or WriteProcessMemory request was completed. (0x12B)
[0810/005413.532:ERROR:process_memory_win.cc(73)] ReadMemory at 0x23bf52431b0 of 132 bytes failed: Only part of a ReadProcessMemory or WriteProcessMemory request was completed. (0x12B)
[0810/005413.532:ERROR:process_memory_win.cc(73)] ReadMemory at 0x23bf5244a30 of 54 bytes failed: Only part of a ReadProcessMemory or WriteProcessMemory request was completed. (0x12B)
[0810/005413.532:ERROR:process_memory_win.cc(73)] ReadMemory at 0x23bf5246030 of 132 bytes failed: Only part of a ReadProcessMemory or WriteProcessMemory request was completed. (0x12B)
[0810/005413.532:ERROR:process_memory_win.cc(73)] ReadMemory at 0x23bf524b7e0 of 132 bytes failed: Only part of a ReadProcessMemory or WriteProcessMemory request was completed. (0x12B)
[0810/005413.532:ERROR:process_memory_win.cc(73)] ReadMemory at 0x23bf524b910 of 132 bytes failed: Only part of a ReadProcessMemory or WriteProcessMemory request was completed. (0x12B)
[0810/005413.532:ERROR:process_memory_win.cc(73)] ReadMemory at 0x23bf5251350 of 24 bytes failed: Only part of a ReadProcessMemory or WriteProcessMemory request was completed. (0x12B)
[0810/005413.532:ERROR:process_memory_win.cc(73)] ReadMemory at 0x23bf52517a0 of 18 bytes failed: Only part of a ReadProcessMemory or WriteProcessMemory request was completed. (0x12B)
[0810/005413.532:ERROR:process_memory_win.cc(73)] ReadMemory at 0x23bf5251890 of 132 bytes failed: Only part of a ReadProcessMemory or WriteProcessMemory request was completed. (0x12B)
[0810/005413.533:ERROR:process_memory_win.cc(73)] ReadMemory at 0x23bf52519c0 of 132 bytes failed: Only part of a ReadProcessMemory or WriteProcessMemory request was completed. (0x12B)
[0810/005413.533:ERROR:process_memory_win.cc(73)] ReadMemory at 0x23bf5251c20 of 132 bytes failed: Only part of a ReadProcessMemory or WriteProcessMemory request was completed. (0x12B)
[0810/005413.533:ERROR:process_memory_win.cc(73)] ReadMemory at 0x23bf5251d50 of 132 bytes failed: Only part of a ReadProcessMemory or WriteProcessMemory request was completed. (0x12B)
[0810/005413.533:ERROR:process_memory_win.cc(73)] ReadMemory at 0x23bf5251e80 of 132 bytes failed: Only part of a ReadProcessMemory or WriteProcessMemory request was completed. (0x12B)
[0810/005413.533:ERROR:process_memory_win.cc(73)] ReadMemory at 0x23bf5251fb0 of 132 bytes failed: Only part of a ReadProcessMemory or WriteProcessMemory request was completed. (0x12B)
[0810/005413.533:ERROR:process_memory_win.cc(73)] ReadMemory at 0x23bf5252470 of 132 bytes failed: Only part of a ReadProcessMemory or WriteProcessMemory request was completed. (0x12B)
[0810/005413.533:ERROR:process_memory_win.cc(73)] ReadMemory at 0x23bf52525a0 of 132 bytes failed: Only part of a ReadProcessMemory or WriteProcessMemory request was completed. (0x12B)
[0810/005413.533:ERROR:process_memory_win.cc(73)] ReadMemory at 0x23bf52526d0 of 132 bytes failed: Only part of a ReadProcessMemory or WriteProcessMemory request was completed. (0x12B)
[0810/005413.533:ERROR:process_memory_win.cc(73)] ReadMemory at 0x23bf5252800 of 132 bytes failed: Only part of a ReadProcessMemory or WriteProcessMemory request was completed. (0x12B)
[0810/005413.533:ERROR:process_memory_win.cc(73)] ReadMemory at 0x23bf5252a60 of 132 bytes failed: Only part of a ReadProcessMemory or WriteProcessMemory request was completed. (0x12B)
[0810/005413.533:ERROR:process_memory_win.cc(73)] ReadMemory at 0x23bf5252f20 of 132 bytes failed: Only part of a ReadProcessMemory or WriteProcessMemory request was completed. (0x12B)
[0810/005413.534:ERROR:process_memory_win.cc(73)] ReadMemory at 0x23bf5253050 of 132 bytes failed: Only part of a ReadProcessMemory or WriteProcessMemory request was completed. (0x12B)
[0810/005413.534:ERROR:process_memory_win.cc(73)] ReadMemory at 0x23bf5253180 of 132 bytes failed: Only part of a ReadProcessMemory or WriteProcessMemory request was completed. (0x12B)
[0810/005413.534:ERROR:process_memory_win.cc(73)] ReadMemory at 0x23bf52532b0 of 132 bytes failed: Only part of a ReadProcessMemory or WriteProcessMemory request was completed. (0x12B)
[0810/005413.534:ERROR:process_memory_win.cc(73)] ReadMemory at 0x23bf52533e0 of 132 bytes failed: Only part of a ReadProcessMemory or WriteProcessMemory request was completed. (0x12B)
[0810/005413.534:ERROR:process_memory_win.cc(73)] ReadMemory at 0x23bf5253510 of 132 bytes failed: Only part of a ReadProcessMemory or WriteProcessMemory request was completed. (0x12B)
[0810/005413.534:ERROR:process_memory_win.cc(73)] ReadMemory at 0x23bf5253640 of 132 bytes failed: Only part of a ReadProcessMemory or WriteProcessMemory request was completed. (0x12B)
[0810/005413.534:ERROR:process_memory_win.cc(73)] ReadMemory at 0x23bf52579d0 of 132 bytes failed: Only part of a ReadProcessMemory or WriteProcessMemory request was completed. (0x12B)
[0810/005413.534:ERROR:process_memory_win.cc(73)] ReadMemory at 0x23bf5257b00 of 132 bytes failed: Only part of a ReadProcessMemory or WriteProcessMemory request was completed. (0x12B)
[0810/005413.534:ERROR:process_memory_win.cc(73)] ReadMemory at 0x23bf52580f0 of 132 bytes failed: Only part of a ReadProcessMemory or WriteProcessMemory request was completed. (0x12B)
[0810/005413.534:ERROR:process_memory_win.cc(73)] ReadMemory at 0x23bf526e120 of 512 bytes failed: Only part of a ReadProcessMemory or WriteProcessMemory request was completed. (0x12B)
[0810/005413.534:ERROR:process_memory_win.cc(73)] ReadMemory at 0x23bf527d030 of 62 bytes failed: Only part of a ReadProcessMemory or WriteProcessMemory request was completed. (0x12B)
[0810/005413.534:ERROR:process_memory_win.cc(73)] ReadMemory at 0x23bf527d120 of 66 bytes failed: Only part of a ReadProcessMemory or WriteProcessMemory request was completed. (0x12B)
[0810/005413.534:ERROR:process_memory_win.cc(73)] ReadMemory at 0x23bf527d4e0 of 58 bytes failed: Only part of a ReadProcessMemory or WriteProcessMemory request was completed. (0x12B)
[0810/005413.535:ERROR:process_memory_win.cc(73)] ReadMemory at 0x23bf527d670 of 60 bytes failed: Only part of a ReadProcessMemory or WriteProcessMemory request was completed. (0x12B)
[0810/005413.535:ERROR:process_memory_win.cc(73)] ReadMemory at 0x23bf527d6c0 of 58 bytes failed: Only part of a ReadProcessMemory or WriteProcessMemory request was completed. (0x12B)
[0810/005413.535:ERROR:process_memory_win.cc(73)] ReadMemory at 0x23bf527d8a0 of 64 bytes failed: Only part of a ReadProcessMemory or WriteProcessMemory request was completed. (0x12B)
[0810/005413.535:ERROR:process_memory_win.cc(73)] ReadMemory at 0x23bf527d940 of 60 bytes failed: Only part of a ReadProcessMemory or WriteProcessMemory request was completed. (0x12B)
[0810/005413.535:ERROR:process_memory_win.cc(73)] ReadMemory at 0x23bf527da80 of 60 bytes failed: Only part of a ReadProcessMemory or WriteProcessMemory request was completed. (0x12B)
[0810/005413.535:ERROR:process_memory_win.cc(73)] ReadMemory at 0x23bf527db20 of 62 bytes failed: Only part of a ReadProcessMemory or WriteProcessMemory request was completed. (0x12B)
[0810/005413.535:ERROR:process_memory_win.cc(73)] ReadMemory at 0x23bf52890d0 of 76 bytes failed: Only part of a ReadProcessMemory or WriteProcessMemory request was completed. (0x12B)
[0810/005413.535:ERROR:process_memory_win.cc(73)] ReadMemory at 0x23bf529cf60 of 512 bytes failed: Only part of a ReadProcessMemory or WriteProcessMemory request was completed. (0x12B)
[0810/005413.535:ERROR:process_memory_win.cc(73)] ReadMemory at 0x23bf529dc68 of 512 bytes failed: Only part of a ReadProcessMemory or WriteProcessMemory request was completed. (0x12B)
[0810/005413.535:ERROR:process_memory_win.cc(73)] ReadMemory at 0x23bf529fc60 of 512 bytes failed: Only part of a ReadProcessMemory or WriteProcessMemory request was completed. (0x12B)
[0810/005413.535:ERROR:process_memory_win.cc(73)] ReadMemory at 0x23bf52b7840 of 512 bytes failed: Only part of a ReadProcessMemory or WriteProcessMemory request was completed. (0x12B)
[0810/005413.535:ERROR:process_memory_win.cc(73)] ReadMemory at 0x23bf52bb110 of 512 bytes failed: Only part of a ReadProcessMemory or WriteProcessMemory request was completed. (0x12B)
[0810/005413.535:ERROR:process_memory_win.cc(73)] ReadMemory at 0x23bf52c7960 of 512 bytes failed: Only part of a ReadProcessMemory or WriteProcessMemory request was completed. (0x12B)
[0810/005413.535:ERROR:process_memory_win.cc(73)] ReadMemory at 0x23bf52c8cf0 of 712 bytes failed: Only part of a ReadProcessMemory or WriteProcessMemory request was completed. (0x12B)
[0810/005413.535:ERROR:process_memory_win.cc(73)] ReadMemory at 0x23bf52cdba0 of 512 bytes failed: Only part of a ReadProcessMemory or WriteProcessMemory request was completed. (0x12B)
[0810/005413.536:ERROR:process_memory_win.cc(73)] ReadMemory at 0x23bf52dc4d0 of 512 bytes failed: Only part of a ReadProcessMemory or WriteProcessMemory request was completed. (0x12B)
[0810/005413.536:ERROR:process_memory_win.cc(73)] ReadMemory at 0x23bf52e2ac0 of 512 bytes failed: Only part of a ReadProcessMemory or WriteProcessMemory request was completed. (0x12B)
[0810/005413.536:ERROR:process_memory_win.cc(73)] ReadMemory at 0x23bf52e4190 of 512 bytes failed: Only part of a ReadProcessMemory or WriteProcessMemory request was completed. (0x12B)
[0810/005413.536:ERROR:process_memory_win.cc(73)] ReadMemory at 0x23bf52ef920 of 512 bytes failed: Only part of a ReadProcessMemory or WriteProcessMemory request was completed. (0x12B)
[0810/005413.536:ERROR:process_memory_win.cc(73)] ReadMemory at 0x23bf5441b40 of 512 bytes failed: Only part of a ReadProcessMemory or WriteProcessMemory request was completed. (0x12B)
[0810/005413.537:ERROR:process_memory_win.cc(73)] ReadMemory at 0x23bf54446c0 of 512 bytes failed: Only part of a ReadProcessMemory or WriteProcessMemory request was completed. (0x12B)
[0810/005413.537:ERROR:process_memory_win.cc(73)] ReadMemory at 0x23bf6fc4010 of 928 bytes failed: Only part of a ReadProcessMemory or WriteProcessMemory request was completed. (0x12B)
[0810/005413.537:ERROR:process_memory_win.cc(73)] ReadMemory at 0x23bf6fcd740 of 512 bytes failed: Only part of a ReadProcessMemory or WriteProcessMemory request was completed. (0x12B)
[0810/005413.537:ERROR:process_memory_win.cc(73)] ReadMemory at 0x23bf6fe0150 of 512 bytes failed: Only part of a ReadProcessMemory or WriteProcessMemory request was completed. (0x12B)
[0810/005413.537:ERROR:process_memory_win.cc(73)] ReadMemory at 0x23bf705f8b0 of 512 bytes failed: Only part of a ReadProcessMemory or WriteProcessMemory request was completed. (0x12B)
[0810/005413.537:ERROR:process_memory_win.cc(73)] ReadMemory at 0x23bf78e6fa0 of 512 bytes failed: Only part of a ReadProcessMemory or WriteProcessMemory request was completed. (0x12B)
[0810/005413.537:ERROR:process_memory_win.cc(73)] ReadMemory at 0x23bf79001e0 of 512 bytes failed: Only part of a ReadProcessMemory or WriteProcessMemory request was completed. (0x12B)
[0810/005413.537:ERROR:process_memory_win.cc(73)] ReadMemory at 0x23bf7900c40 of 768 bytes failed: Only part of a ReadProcessMemory or WriteProcessMemory request was completed. (0x12B)
[0810/005413.538:ERROR:process_memory_win.cc(73)] ReadMemory at 0x23bf88881d8 of 512 bytes failed: Only part of a ReadProcessMemory or WriteProcessMemory request was completed. (0x12B)
[0810/005413.538:ERROR:process_memory_win.cc(73)] ReadMemory at 0x23bf88fe920 of 512 bytes failed: Only part of a ReadProcessMemory or WriteProcessMemory request was completed. (0x12B)
[0810/005413.538:ERROR:process_memory_win.cc(73)] ReadMemory at 0x23bf8b6f6b0 of 512 bytes failed: Only part of a ReadProcessMemory or WriteProcessMemory request was completed. (0x12B)
[0810/005413.538:ERROR:process_memory_win.cc(73)] ReadMemory at 0x23bf8da2730 of 512 bytes failed: Only part of a ReadProcessMemory or WriteProcessMemory request was completed. (0x12B)
[0810/005413.538:ERROR:process_memory_win.cc(73)] ReadMemory at 0x23bf8da2ab0 of 512 bytes failed: Only part of a ReadProcessMemory or WriteProcessMemory request was completed. (0x12B)
[0810/005413.538:ERROR:process_memory_win.cc(73)] ReadMemory at 0x23bf964e450 of 512 bytes failed: Only part of a ReadProcessMemory or WriteProcessMemory request was completed. (0x12B)
[0810/005413.538:ERROR:process_memory_win.cc(73)] ReadMemory at 0x23bf96ced30 of 512 bytes failed: Only part of a ReadProcessMemory or WriteProcessMemory request was completed. (0x12B)
[0810/005413.538:ERROR:process_memory_win.cc(73)] ReadMemory at 0x23bf98b4770 of 512 bytes failed: Only part of a ReadProcessMemory or WriteProcessMemory request was completed. (0x12B)
[0810/005413.542:ERROR:scoped_process_suspend.cc(40)] NtResumeProcess: An attempt was made to access an exiting process. (0xc000010a)
[0810/013015.592:ERROR:process_reader_win.cc(188)] ResumeThread: The parameter is incorrect. (0x57)
[0810/013015.594:ERROR:process_reader_win.cc(151)] SuspendThread: Access is denied. (0x5)
[0810/013015.594:ERROR:process_reader_win.cc(151)] SuspendThread: Access is denied. (0x5)
[0810/013015.594:ERROR:process_reader_win.cc(151)] SuspendThread: Access is denied. (0x5)
[0810/013015.594:ERROR:process_reader_win.cc(151)] SuspendThread: Access is denied. (0x5)
[0810/013015.594:ERROR:process_reader_win.cc(151)] SuspendThread: Access is denied. (0x5)
[0810/013015.594:ERROR:process_reader_win.cc(151)] SuspendThread: Access is denied. (0x5)
[0810/013015.594:ERROR:process_reader_win.cc(151)] SuspendThread: Access is denied. (0x5)
[0810/013015.594:ERROR:process_reader_win.cc(151)] SuspendThread: Access is denied. (0x5)
[0810/013015.594:ERROR:process_reader_win.cc(151)] SuspendThread: Access is denied. (0x5)
[0810/013015.594:ERROR:process_reader_win.cc(151)] SuspendThread: Access is denied. (0x5)
[0810/013015.594:ERROR:process_reader_win.cc(151)] SuspendThread: Access is denied. (0x5)
[0810/013015.594:ERROR:exception_snapshot_win.cc(98)] thread ID 1040 not found in process
[0811/023511.096:ERROR:process_reader_win.cc(151)] SuspendThread: Access is denied. (0x5)
[0811/023511.097:ERROR:process_reader_win.cc(151)] SuspendThread: Access is denied. (0x5)
[0811/023511.097:ERROR:process_reader_win.cc(151)] SuspendThread: Access is denied. (0x5)
[0811/023511.097:ERROR:process_reader_win.cc(151)] SuspendThread: Access is denied. (0x5)
[0811/023511.098:ERROR:process_reader_win.cc(151)] SuspendThread: Access is denied. (0x5)
[0811/023511.098:ERROR:process_reader_win.cc(151)] SuspendThread: Access is denied. (0x5)
[0811/023511.098:ERROR:process_reader_win.cc(151)] SuspendThread: Access is denied. (0x5)
[0811/023511.098:ERROR:process_reader_win.cc(151)] SuspendThread: Access is denied. (0x5)
[0811/023511.098:ERROR:process_reader_win.cc(151)] SuspendThread: Access is denied. (0x5)
[0811/023511.098:ERROR:process_reader_win.cc(151)] SuspendThread: Access is denied. (0x5)
[0811/023511.098:ERROR:process_reader_win.cc(151)] SuspendThread: Access is denied. (0x5)
[0811/023511.098:ERROR:process_reader_win.cc(123)] NtOpenThread: {Access Denied} A process has requested access to an object, but has not been granted those access rights. (0xc0000022)
[0811/023511.098:ERROR:exception_snapshot_win.cc(98)] thread ID 21028 not found in process
[0811/023511.121:ERROR:process_reader_win.cc(151)] SuspendThread: Access is denied. (0x5)
[0811/023511.121:ERROR:process_reader_win.cc(151)] SuspendThread: Access is denied. (0x5)
[0811/023511.121:ERROR:process_reader_win.cc(151)] SuspendThread: Access is denied. (0x5)
[0811/023511.121:ERROR:process_reader_win.cc(151)] SuspendThread: Access is denied. (0x5)
[0811/023511.121:ERROR:process_reader_win.cc(151)] SuspendThread: Access is denied. (0x5)
[0811/023511.121:ERROR:process_reader_win.cc(151)] SuspendThread: Access is denied. (0x5)
[0811/023511.121:ERROR:process_reader_win.cc(151)] SuspendThread: Access is denied. (0x5)
[0811/023511.121:ERROR:process_reader_win.cc(151)] SuspendThread: Access is denied. (0x5)
[0811/023511.121:ERROR:process_reader_win.cc(151)] SuspendThread: Access is denied. (0x5)
[0811/023511.121:ERROR:process_reader_win.cc(151)] SuspendThread: Access is denied. (0x5)
[0811/023511.121:ERROR:process_reader_win.cc(151)] SuspendThread: Access is denied. (0x5)
[0811/023511.121:ERROR:process_reader_win.cc(123)] NtOpenThread: {Access Denied} A process has requested access to an object, but has not been granted those access rights. (0xc0000022)
[0811/023511.121:ERROR:exception_snapshot_win.cc(98)] thread ID 18652 not found in process
